TN:
SF:src/basicFunctions.ts
FN:26,<instance_members_initializer>
FN:31,Notificacion
FN:33,getEventType
FN:37,subscribe
FN:45,unsubscribe
FN:53,onEvent
FN:57,notify
FN:66,<instance_members_initializer>
FN:67,NotificacionObserver
FN:69,update
FNF:10
FNH:9
FNDA:1,<instance_members_initializer>
FNDA:1,Notificacion
FNDA:4,getEventType
FNDA:3,subscribe
FNDA:0,unsubscribe
FNDA:1,onEvent
FNDA:1,notify
FNDA:2,<instance_members_initializer>
FNDA:2,NotificacionObserver
FNDA:2,update
DA:1,1
DA:2,1
DA:3,1
DA:4,1
DA:5,1
DA:6,1
DA:7,1
DA:8,1
DA:9,1
DA:10,1
DA:11,1
DA:12,1
DA:13,1
DA:14,1
DA:15,1
DA:16,1
DA:17,1
DA:18,1
DA:19,1
DA:20,1
DA:21,1
DA:22,1
DA:23,1
DA:24,1
DA:25,1
DA:26,1
DA:27,1
DA:28,1
DA:29,1
DA:30,1
DA:31,1
DA:32,1
DA:33,1
DA:34,4
DA:35,4
DA:36,1
DA:37,1
DA:38,3
DA:39,1
DA:40,3
DA:41,2
DA:42,2
DA:43,3
DA:44,1
DA:45,1
DA:46,0
DA:47,0
DA:48,0
DA:49,0
DA:50,0
DA:51,0
DA:52,0
DA:53,1
DA:54,1
DA:55,1
DA:56,1
DA:57,1
DA:58,1
DA:59,1
DA:60,1
DA:61,1
DA:62,1
DA:63,1
DA:64,1
DA:65,1
DA:66,1
DA:67,2
DA:68,2
DA:69,2
DA:70,2
DA:71,2
DA:72,2
DA:73,2
DA:74,2
DA:75,2
DA:76,2
DA:77,2
DA:78,2
DA:79,2
DA:80,2
DA:81,2
DA:82,2
LF:82
LH:75
BRDA:20,0,0,1
BRDA:26,1,0,1
BRDA:31,2,0,1
BRDA:33,3,0,4
BRDA:37,4,0,3
BRDA:38,5,0,1
BRDA:40,6,0,2
BRDA:53,7,0,1
BRDA:57,8,0,1
BRDA:58,9,0,2
BRDA:66,10,0,2
BRDA:67,11,0,2
BRDA:69,12,0,2
BRF:13
BRH:13
end_of_record
